{"/Users/rana/Desktop/crud-py/user-dashboard/src/App.tsx": {"path":"/Users/rana/Desktop/crud-py/user-dashboard/src/App.tsx","statementMap":{"0":{"start":{"line":1,"column":0},"end":{"line":1,"column":18}},"1":{"start":{"line":2,"column":0},"end":{"line":2,"column":50}},"2":{"start":{"line":4,"column":12},"end":{"line":11,"column":1}},"3":{"start":{"line":6,"column":2},"end":{"line":10,"column":null}},"4":{"start":{"line":13,"column":0},"end":{"line":13,"column":19}}},"fnMap":{"0":{"name":"(anonymous_1)","decl":{"start":{"line":4,"column":12},"end":{"line":4,"column":15}},"loc":{"start":{"line":4,"column":17},"end":{"line":11,"column":1}}}},"branchMap":{},"s":{"0":1,"1":1,"2":1,"3":2,"4":1},"f":{"0":2},"b":{}}
,"/Users/rana/Desktop/crud-py/user-dashboard/src/components/add-user.tsx": {"path":"/Users/rana/Desktop/crud-py/user-dashboard/src/components/add-user.tsx","statementMap":{"0":{"start":{"line":1,"column":0},"end":{"line":1,"column":40}},"1":{"start":{"line":2,"column":0},"end":{"line":2,"column":null}},"2":{"start":{"line":15,"column":0},"end":{"line":15,"column":66}},"3":{"start":{"line":16,"column":0},"end":{"line":16,"column":68}},"4":{"start":{"line":17,"column":0},"end":{"line":17,"column":42}},"5":{"start":{"line":20,"column":16},"end":{"line":175,"column":1}},"6":{"start":{"line":27,"column":21},"end":{"line":27,"column":49}},"7":{"start":{"line":29,"column":22},"end":{"line":29,"column":38}},"8":{"start":{"line":31,"column":38},"end":{"line":31,"column":53}},"9":{"start":{"line":33,"column":40},"end":{"line":37,"column":4}},"10":{"start":{"line":39,"column":50},"end":{"line":42,"column":4}},"11":{"start":{"line":44,"column":29},"end":{"line":53,"column":4}},"12":{"start":{"line":45,"column":51},"end":{"line":45,"column":97}},"13":{"start":{"line":46,"column":22},"end":{"line":46,"column":78}},"14":{"start":{"line":47,"column":4},"end":{"line":47,"column":21}},"15":{"start":{"line":50,"column":26},"end":{"line":50,"column":108}},"16":{"start":{"line":51,"column":6},"end":{"line":51,"column":26}},"17":{"start":{"line":55,"column":21},"end":{"line":61,"column":3}},"18":{"start":{"line":56,"column":4},"end":{"line":60,"column":6}},"19":{"start":{"line":63,"column":24},"end":{"line":66,"column":3}},"20":{"start":{"line":64,"column":4},"end":{"line":64,"column":58}},"21":{"start":{"line":64,"column":27},"end":{"line":64,"column":58}},"22":{"start":{"line":65,"column":4},"end":{"line":65,"column":28}},"23":{"start":{"line":68,"column":17},"end":{"line":81,"column":3}},"24":{"start":{"line":72,"column":18},"end":{"line":72,"column":36}},"25":{"start":{"line":74,"column":4},"end":{"line":80,"column":8}},"26":{"start":{"line":74,"column":35},"end":{"line":80,"column":6}},"27":{"start":{"line":83,"column":33},"end":{"line":101,"column":3}},"28":{"start":{"line":86,"column":28},"end":{"line":86,"column":40}},"29":{"start":{"line":87,"column":4},"end":{"line":90,"column":8}},"30":{"start":{"line":87,"column":30},"end":{"line":90,"column":6}},"31":{"start":{"line":92,"column":4},"end":{"line":100,"column":5}},"32":{"start":{"line":93,"column":6},"end":{"line":99,"column":10}},"33":{"start":{"line":93,"column":37},"end":{"line":99,"column":8}},"34":{"start":{"line":103,"column":2},"end":{"line":174,"column":4}},"35":{"start":{"line":105,"column":40},"end":{"line":105,"column":56}},"36":{"start":{"line":111,"column":12},"end":{"line":111,"column":35}},"37":{"start":{"line":112,"column":12},"end":{"line":112,"column":33}},"38":{"start":{"line":123,"column":35},"end":{"line":123,"column":56}},"39":{"start":{"line":133,"column":35},"end":{"line":133,"column":57}},"40":{"start":{"line":165,"column":10},"end":{"line":167,"column":11}},"41":{"start":{"line":166,"column":12},"end":{"line":166,"column":19}},"42":{"start":{"line":168,"column":10},"end":{"line":168,"column":31}},"43":{"start":{"line":177,"column":0},"end":{"line":177,"column":23}},"44":{"start":{"line":184,"column":85},"end":{"line":184,"column":40408}},"45":{"start":{"line":184,"column":89},"end":{"line":184,"column":40397}},"46":{"start":{"line":184,"column":40523},"end":{"line":184,"column":40529}},"47":{"start":{"line":184,"column":40644},"end":{"line":184,"column":40650}},"48":{"start":{"line":184,"column":40765},"end":{"line":184,"column":40771}},"49":{"start":{"line":184,"column":40890},"end":{"line":184,"column":40896}},"50":{"start":{"line":184,"column":41040},"end":{"line":184,"column":41046}}},"fnMap":{"0":{"name":"(anonymous_1)","decl":{"start":{"line":20,"column":16},"end":{"line":20,"column":17}},"loc":{"start":{"line":26,"column":5},"end":{"line":175,"column":1}}},"1":{"name":"(anonymous_2)","decl":{"start":{"line":45,"column":16},"end":{"line":45,"column":17}},"loc":{"start":{"line":45,"column":51},"end":{"line":45,"column":97}}},"2":{"name":"(anonymous_3)","decl":{"start":{"line":46,"column":15},"end":{"line":46,"column":18}},"loc":{"start":{"line":46,"column":20},"end":{"line":48,"column":3}}},"3":{"name":"(anonymous_4)","decl":{"start":{"line":49,"column":13},"end":{"line":49,"column":14}},"loc":{"start":{"line":49,"column":35},"end":{"line":52,"column":5}}},"4":{"name":"(anonymous_5)","decl":{"start":{"line":55,"column":21},"end":{"line":55,"column":24}},"loc":{"start":{"line":55,"column":26},"end":{"line":61,"column":3}}},"5":{"name":"(anonymous_6)","decl":{"start":{"line":63,"column":24},"end":{"line":63,"column":25}},"loc":{"start":{"line":63,"column":57},"end":{"line":66,"column":3}}},"6":{"name":"(anonymous_7)","decl":{"start":{"line":68,"column":17},"end":{"line":68,"column":null}},"loc":{"start":{"line":71,"column":6},"end":{"line":81,"column":3}}},"7":{"name":"(anonymous_8)","decl":{"start":{"line":74,"column":24},"end":{"line":74,"column":25}},"loc":{"start":{"line":74,"column":35},"end":{"line":80,"column":6}}},"8":{"name":"(anonymous_9)","decl":{"start":{"line":83,"column":33},"end":{"line":83,"column":null}},"loc":{"start":{"line":85,"column":6},"end":{"line":101,"column":3}}},"9":{"name":"(anonymous_10)","decl":{"start":{"line":87,"column":19},"end":{"line":87,"column":20}},"loc":{"start":{"line":87,"column":30},"end":{"line":90,"column":6}}},"10":{"name":"(anonymous_11)","decl":{"start":{"line":93,"column":26},"end":{"line":93,"column":27}},"loc":{"start":{"line":93,"column":37},"end":{"line":99,"column":8}}},"11":{"name":"(anonymous_12)","decl":{"start":{"line":105,"column":34},"end":{"line":105,"column":37}},"loc":{"start":{"line":105,"column":40},"end":{"line":105,"column":56}}},"12":{"name":"(anonymous_13)","decl":{"start":{"line":110,"column":20},"end":{"line":110,"column":21}},"loc":{"start":{"line":110,"column":64},"end":{"line":113,"column":11}}},"13":{"name":"(anonymous_14)","decl":{"start":{"line":123,"column":24},"end":{"line":123,"column":25}},"loc":{"start":{"line":123,"column":35},"end":{"line":123,"column":56}}},"14":{"name":"(anonymous_15)","decl":{"start":{"line":133,"column":24},"end":{"line":133,"column":25}},"loc":{"start":{"line":133,"column":35},"end":{"line":133,"column":57}}},"15":{"name":"(anonymous_16)","decl":{"start":{"line":164,"column":17},"end":{"line":164,"column":18}},"loc":{"start":{"line":164,"column":31},"end":{"line":169,"column":9}}},"16":{"name":"oo_cm","decl":{"start":{"line":184,"column":77},"end":{"line":184,"column":82}},"loc":{"start":{"line":184,"column":82},"end":{"line":184,"column":40409}}}},"branchMap":{"0":{"loc":{"start":{"line":57,"column":6},"end":{"line":59,"column":23}},"type":"binary-expr","locations":[{"start":{"line":57,"column":6},"end":{"line":57,"column":34}},{"start":{"line":58,"column":6},"end":{"line":58,"column":40}},{"start":{"line":59,"column":6},"end":{"line":59,"column":23}}]},"1":{"loc":{"start":{"line":64,"column":4},"end":{"line":64,"column":58}},"type":"if","locations":[{"start":{"line":64,"column":4},"end":{"line":64,"column":58}}]},"2":{"loc":{"start":{"line":92,"column":4},"end":{"line":100,"column":5}},"type":"if","locations":[{"start":{"line":92,"column":4},"end":{"line":100,"column":5}}]},"3":{"loc":{"start":{"line":135,"column":15},"end":{"line":139,"column":null}},"type":"binary-expr","locations":[{"start":{"line":135,"column":15},"end":{"line":135,"column":47}},{"start":{"line":136,"column":16},"end":{"line":136,"column":47}},{"start":{"line":137,"column":18},"end":{"line":137,"column":null}}]},"4":{"loc":{"start":{"line":165,"column":10},"end":{"line":167,"column":11}},"type":"if","locations":[{"start":{"line":165,"column":10},"end":{"line":167,"column":11}}]},"5":{"loc":{"start":{"line":184,"column":96},"end":{"line":184,"column":40396}},"type":"binary-expr","locations":[{"start":{"line":184,"column":96},"end":{"line":184,"column":133}},{"start":{"line":184,"column":137},"end":{"line":184,"column":40396}}]}},"s":{"0":1,"1":1,"2":1,"3":1,"4":1,"5":1,"6":10,"7":10,"8":10,"9":10,"10":10,"11":10,"12":2,"13":1,"14":1,"15":1,"16":1,"17":10,"18":10,"19":10,"20":0,"21":0,"22":0,"23":10,"24":0,"25":0,"26":0,"27":10,"28":6,"29":6,"30":6,"31":6,"32":0,"33":0,"34":10,"35":0,"36":2,"37":2,"38":0,"39":0,"40":0,"41":0,"42":0,"43":1,"44":1,"45":1,"46":1,"47":1,"48":1,"49":1,"50":1},"f":{"0":10,"1":2,"2":1,"3":1,"4":10,"5":0,"6":0,"7":0,"8":6,"9":6,"10":0,"11":0,"12":2,"13":0,"14":0,"15":0,"16":1},"b":{"0":[10,10,6],"1":[0],"2":[0],"3":[10,0,0],"4":[0],"5":[1,1]}}
,"/Users/rana/Desktop/crud-py/user-dashboard/src/components/user-table.tsx": {"path":"/Users/rana/Desktop/crud-py/user-dashboard/src/components/user-table.tsx","statementMap":{"0":{"start":{"line":1,"column":0},"end":{"line":1,"column":46}},"1":{"start":{"line":2,"column":0},"end":{"line":2,"column":35}},"2":{"start":{"line":3,"column":0},"end":{"line":3,"column":78}},"3":{"start":{"line":4,"column":0},"end":{"line":4,"column":26}},"4":{"start":{"line":7,"column":22},"end":{"line":69,"column":1}},"5":{"start":{"line":8,"column":22},"end":{"line":8,"column":38}},"6":{"start":{"line":9,"column":37},"end":{"line":15,"column":4}},"7":{"start":{"line":12,"column":6},"end":{"line":13,"column":null}},"8":{"start":{"line":13,"column":8},"end":{"line":13,"column":18}},"9":{"start":{"line":17,"column":21},"end":{"line":20,"column":4}},"10":{"start":{"line":18,"column":37},"end":{"line":18,"column":89}},"11":{"start":{"line":19,"column":21},"end":{"line":19,"column":76}},"12":{"start":{"line":22,"column":2},"end":{"line":24,"column":3}},"13":{"start":{"line":23,"column":4},"end":{"line":23,"column":null}},"14":{"start":{"line":26,"column":2},"end":{"line":28,"column":3}},"15":{"start":{"line":27,"column":4},"end":{"line":27,"column":null}},"16":{"start":{"line":30,"column":2},"end":{"line":68,"column":4}},"17":{"start":{"line":45,"column":10},"end":{"line":56,"column":null}},"18":{"start":{"line":54,"column":69},"end":{"line":54,"column":98}},"19":{"start":{"line":71,"column":0},"end":{"line":71,"column":29}}},"fnMap":{"0":{"name":"(anonymous_1)","decl":{"start":{"line":7,"column":22},"end":{"line":7,"column":25}},"loc":{"start":{"line":7,"column":27},"end":{"line":69,"column":1}}},"1":{"name":"(anonymous_2)","decl":{"start":{"line":11,"column":13},"end":{"line":11,"column":16}},"loc":{"start":{"line":12,"column":6},"end":{"line":13,"column":null}}},"2":{"name":"(anonymous_3)","decl":{"start":{"line":12,"column":46},"end":{"line":12,"column":47}},"loc":{"start":{"line":13,"column":8},"end":{"line":13,"column":18}}},"3":{"name":"(anonymous_4)","decl":{"start":{"line":18,"column":16},"end":{"line":18,"column":17}},"loc":{"start":{"line":18,"column":37},"end":{"line":18,"column":89}}},"4":{"name":"(anonymous_5)","decl":{"start":{"line":19,"column":15},"end":{"line":19,"column":18}},"loc":{"start":{"line":19,"column":21},"end":{"line":19,"column":76}}},"5":{"name":"(anonymous_6)","decl":{"start":{"line":44,"column":19},"end":{"line":44,"column":20}},"loc":{"start":{"line":45,"column":10},"end":{"line":56,"column":null}}},"6":{"name":"(anonymous_7)","decl":{"start":{"line":54,"column":63},"end":{"line":54,"column":66}},"loc":{"start":{"line":54,"column":69},"end":{"line":54,"column":98}}}},"branchMap":{"0":{"loc":{"start":{"line":22,"column":2},"end":{"line":24,"column":3}},"type":"if","locations":[{"start":{"line":22,"column":2},"end":{"line":24,"column":3}}]},"1":{"loc":{"start":{"line":26,"column":2},"end":{"line":28,"column":3}},"type":"if","locations":[{"start":{"line":26,"column":2},"end":{"line":28,"column":3}}]},"2":{"loc":{"start":{"line":32,"column":5},"end":{"line":62,"column":null}},"type":"cond-expr","locations":[{"start":{"line":33,"column":6},"end":{"line":59,"column":null}},{"start":{"line":62,"column":4},"end":{"line":62,"column":null}}]}},"s":{"0":1,"1":1,"2":1,"3":1,"4":1,"5":5,"6":5,"7":3,"8":2,"9":5,"10":0,"11":0,"12":5,"13":3,"14":2,"15":0,"16":2,"17":1,"18":0,"19":1},"f":{"0":5,"1":3,"2":2,"3":0,"4":0,"5":1,"6":0},"b":{"0":[3],"1":[0],"2":[1,1]}}
,"/Users/rana/Desktop/crud-py/user-dashboard/src/pages/user-dashboard.tsx": {"path":"/Users/rana/Desktop/crud-py/user-dashboard/src/pages/user-dashboard.tsx","statementMap":{"0":{"start":{"line":1,"column":0},"end":{"line":1,"column":34}},"1":{"start":{"line":2,"column":0},"end":{"line":2,"column":29}},"2":{"start":{"line":3,"column":0},"end":{"line":3,"column":33}},"3":{"start":{"line":4,"column":0},"end":{"line":4,"column":45}},"4":{"start":{"line":5,"column":0},"end":{"line":5,"column":53}},"5":{"start":{"line":7,"column":22},"end":{"line":32,"column":1}},"6":{"start":{"line":8,"column":30},"end":{"line":8,"column":54}},"7":{"start":{"line":10,"column":25},"end":{"line":10,"column":57}},"8":{"start":{"line":10,"column":31},"end":{"line":10,"column":57}},"9":{"start":{"line":10,"column":51},"end":{"line":10,"column":56}},"10":{"start":{"line":12,"column":2},"end":{"line":31,"column":4}},"11":{"start":{"line":34,"column":0},"end":{"line":34,"column":29}}},"fnMap":{"0":{"name":"(anonymous_1)","decl":{"start":{"line":7,"column":22},"end":{"line":7,"column":25}},"loc":{"start":{"line":7,"column":27},"end":{"line":32,"column":1}}},"1":{"name":"(anonymous_2)","decl":{"start":{"line":10,"column":25},"end":{"line":10,"column":28}},"loc":{"start":{"line":10,"column":31},"end":{"line":10,"column":57}}},"2":{"name":"(anonymous_3)","decl":{"start":{"line":10,"column":41},"end":{"line":10,"column":42}},"loc":{"start":{"line":10,"column":51},"end":{"line":10,"column":56}}}},"branchMap":{"0":{"loc":{"start":{"line":20,"column":9},"end":{"line":24,"column":null}},"type":"binary-expr","locations":[{"start":{"line":20,"column":9},"end":{"line":20,"column":15}},{"start":{"line":21,"column":10},"end":{"line":23,"column":null}}]}},"s":{"0":1,"1":1,"2":1,"3":1,"4":1,"5":1,"6":6,"7":6,"8":3,"9":3,"10":6,"11":1},"f":{"0":6,"1":3,"2":3},"b":{"0":[6,2]}}
}
