TN:
SF:src/App.tsx
FN:4,(anonymous_1)
FNF:1
FNH:1
FNDA:2,(anonymous_1)
DA:1,1
DA:2,1
DA:4,1
DA:6,2
DA:13,1
LF:5
LH:5
BRF:0
BRH:0
end_of_record
TN:
SF:src/components/add-user.tsx
FN:20,(anonymous_1)
FN:45,(anonymous_2)
FN:46,(anonymous_3)
FN:49,(anonymous_4)
FN:55,(anonymous_5)
FN:63,(anonymous_6)
FN:68,(anonymous_7)
FN:74,(anonymous_8)
FN:83,(anonymous_9)
FN:87,(anonymous_10)
FN:93,(anonymous_11)
FN:105,(anonymous_12)
FN:110,(anonymous_13)
FN:123,(anonymous_14)
FN:133,(anonymous_15)
FN:164,(anonymous_16)
FN:184,oo_cm
FNF:17
FNH:9
FNDA:10,(anonymous_1)
FNDA:2,(anonymous_2)
FNDA:1,(anonymous_3)
FNDA:1,(anonymous_4)
FNDA:10,(anonymous_5)
FNDA:0,(anonymous_6)
FNDA:0,(anonymous_7)
FNDA:0,(anonymous_8)
FNDA:6,(anonymous_9)
FNDA:6,(anonymous_10)
FNDA:0,(anonymous_11)
FNDA:0,(anonymous_12)
FNDA:2,(anonymous_13)
FNDA:0,(anonymous_14)
FNDA:0,(anonymous_15)
FNDA:0,(anonymous_16)
FNDA:1,oo_cm
DA:1,1
DA:2,1
DA:15,1
DA:16,1
DA:17,1
DA:20,1
DA:27,10
DA:29,10
DA:31,10
DA:33,10
DA:39,10
DA:44,10
DA:45,2
DA:46,1
DA:47,1
DA:50,1
DA:51,1
DA:55,10
DA:56,10
DA:63,10
DA:64,0
DA:65,0
DA:68,10
DA:72,0
DA:74,0
DA:83,10
DA:86,6
DA:87,6
DA:92,6
DA:93,0
DA:103,10
DA:105,0
DA:111,2
DA:112,2
DA:123,0
DA:133,0
DA:165,0
DA:166,0
DA:168,0
DA:177,1
DA:184,1
LF:41
LH:30
BRDA:57,0,0,10
BRDA:57,0,1,10
BRDA:57,0,2,6
BRDA:64,1,0,0
BRDA:92,2,0,0
BRDA:135,3,0,10
BRDA:135,3,1,0
BRDA:135,3,2,0
BRDA:165,4,0,0
BRDA:184,5,0,1
BRDA:184,5,1,1
BRF:11
BRH:6
end_of_record
TN:
SF:src/components/user-table.tsx
FN:7,(anonymous_1)
FN:11,(anonymous_2)
FN:12,(anonymous_3)
FN:18,(anonymous_4)
FN:19,(anonymous_5)
FN:44,(anonymous_6)
FN:54,(anonymous_7)
FNF:7
FNH:4
FNDA:5,(anonymous_1)
FNDA:3,(anonymous_2)
FNDA:2,(anonymous_3)
FNDA:0,(anonymous_4)
FNDA:0,(anonymous_5)
FNDA:1,(anonymous_6)
FNDA:0,(anonymous_7)
DA:1,1
DA:2,1
DA:3,1
DA:4,1
DA:7,1
DA:8,5
DA:9,5
DA:12,3
DA:13,2
DA:17,5
DA:18,0
DA:19,0
DA:22,5
DA:23,3
DA:26,2
DA:27,0
DA:30,2
DA:45,1
DA:54,0
DA:71,1
LF:20
LH:16
BRDA:22,0,0,3
BRDA:26,1,0,0
BRDA:32,2,0,1
BRDA:32,2,1,1
BRF:4
BRH:3
end_of_record
TN:
SF:src/pages/user-dashboard.tsx
FN:7,(anonymous_1)
FN:10,(anonymous_2)
FN:10,(anonymous_3)
FNF:3
FNH:3
FNDA:6,(anonymous_1)
FNDA:3,(anonymous_2)
FNDA:3,(anonymous_3)
DA:1,1
DA:2,1
DA:3,1
DA:4,1
DA:5,1
DA:7,1
DA:8,6
DA:10,6
DA:12,6
DA:34,1
LF:10
LH:10
BRDA:20,0,0,6
BRDA:20,0,1,2
BRF:2
BRH:2
end_of_record
